C:\Users\USER\source\repos\Requiro\ProyectoAngular\ProyectoAngular\src\index.html:1
<!doctype html>
^

SyntaxError: Unexpected token '<'
    at Object.compileFunction (node:vm:360:18)
    at wrapSafe (node:internal/modules/cjs/loader:1088:15)
    at Module._compile (node:internal/modules/cjs/loader:1123:27)
    at Module._extensions..js (node:internal/modules/cjs/loader:1213:10)
    at Module.load (node:internal/modules/cjs/loader:1037:32)
    at Module._load (node:internal/modules/cjs/loader:878:12)
    at Function.executeUserEntryPoint [as runMain] (node:internal/modules/run_main:81:12)
    at node:internal/main/run_main_module:23:47

Node.js v18.12.1
C:\Users\USER\source\repos\Requiro\ProyectoAngular\ProyectoAngular\src\index.html:1
<!doctype html>
^

SyntaxError: Unexpected token '<'
    at Object.compileFunction (node:vm:360:18)
    at wrapSafe (node:internal/modules/cjs/loader:1088:15)
    at Module._compile (node:internal/modules/cjs/loader:1123:27)
    at Module._extensions..js (node:internal/modules/cjs/loader:1213:10)
    at Module.load (node:internal/modules/cjs/loader:1037:32)
    at Module._load (node:internal/modules/cjs/loader:878:12)
    at Function.executeUserEntryPoint [as runMain] (node:internal/modules/run_main:81:12)
    at node:internal/main/run_main_module:23:47

Node.js v18.12.1
C:\Users\USER\source\repos\Requiro\ProyectoAngular\ProyectoAngular\src\index.html:1
<!doctype html>
^

SyntaxError: Unexpected token '<'
    at Object.compileFunction (node:vm:360:18)
    at wrapSafe (node:internal/modules/cjs/loader:1088:15)
    at Module._compile (node:internal/modules/cjs/loader:1123:27)
    at Module._extensions..js (node:internal/modules/cjs/loader:1213:10)
    at Module.load (node:internal/modules/cjs/loader:1037:32)
    at Module._load (node:internal/modules/cjs/loader:878:12)
    at Function.executeUserEntryPoint [as runMain] (node:internal/modules/run_main:81:12)
    at node:internal/main/run_main_module:23:47

Node.js v18.12.1
C:\Users\USER\AppData\Roaming\nvm\v18.12.1\node_modules\qckwinsvc\node_modules\node-windows\lib\wrapper.js:177
    child.send('shutdown');
          ^

TypeError: Cannot read properties of null (reading 'send')
    at process.killkid (C:\Users\USER\AppData\Roaming\nvm\v18.12.1\node_modules\qckwinsvc\node_modules\node-windows\lib\wrapper.js:177:11)
    at process.emit (node:events:513:28)
    at process.exit (node:internal/process/per_thread:190:15)
    at monitor (C:\Users\USER\AppData\Roaming\nvm\v18.12.1\node_modules\qckwinsvc\node_modules\node-windows\lib\wrapper.js:99:17)
    at ChildProcess.<anonymous> (C:\Users\USER\AppData\Roaming\nvm\v18.12.1\node_modules\qckwinsvc\node_modules\node-windows\lib\wrapper.js:170:5)
    at ChildProcess.emit (node:events:513:28)
    at ChildProcess._handle.onexit (node:internal/child_process:291:12)

Node.js v18.12.1
C:\Users\USER\source\repos\Requiro\ProyectoAngular\ProyectoAngular\src\index.html:1
<!doctype html>
^

SyntaxError: Unexpected token '<'
    at Object.compileFunction (node:vm:360:18)
    at wrapSafe (node:internal/modules/cjs/loader:1088:15)
    at Module._compile (node:internal/modules/cjs/loader:1123:27)
    at Module._extensions..js (node:internal/modules/cjs/loader:1213:10)
    at Module.load (node:internal/modules/cjs/loader:1037:32)
    at Module._load (node:internal/modules/cjs/loader:878:12)
    at Function.executeUserEntryPoint [as runMain] (node:internal/modules/run_main:81:12)
    at node:internal/main/run_main_module:23:47

Node.js v18.12.1
C:\Users\USER\source\repos\Requiro\ProyectoAngular\ProyectoAngular\src\index.html:1
<!doctype html>
^

SyntaxError: Unexpected token '<'
    at Object.compileFunction (node:vm:360:18)
    at wrapSafe (node:internal/modules/cjs/loader:1088:15)
    at Module._compile (node:internal/modules/cjs/loader:1123:27)
    at Module._extensions..js (node:internal/modules/cjs/loader:1213:10)
    at Module.load (node:internal/modules/cjs/loader:1037:32)
    at Module._load (node:internal/modules/cjs/loader:878:12)
    at Function.executeUserEntryPoint [as runMain] (node:internal/modules/run_main:81:12)
    at node:internal/main/run_main_module:23:47

Node.js v18.12.1
C:\Users\USER\source\repos\Requiro\ProyectoAngular\ProyectoAngular\src\index.html:1
<!doctype html>
^

SyntaxError: Unexpected token '<'
    at Object.compileFunction (node:vm:360:18)
    at wrapSafe (node:internal/modules/cjs/loader:1088:15)
    at Module._compile (node:internal/modules/cjs/loader:1123:27)
    at Module._extensions..js (node:internal/modules/cjs/loader:1213:10)
    at Module.load (node:internal/modules/cjs/loader:1037:32)
    at Module._load (node:internal/modules/cjs/loader:878:12)
    at Function.executeUserEntryPoint [as runMain] (node:internal/modules/run_main:81:12)
    at node:internal/main/run_main_module:23:47

Node.js v18.12.1
C:\Users\USER\AppData\Roaming\nvm\v18.12.1\node_modules\qckwinsvc\node_modules\node-windows\lib\wrapper.js:177
    child.send('shutdown');
          ^

TypeError: Cannot read properties of null (reading 'send')
    at process.killkid (C:\Users\USER\AppData\Roaming\nvm\v18.12.1\node_modules\qckwinsvc\node_modules\node-windows\lib\wrapper.js:177:11)
    at process.emit (node:events:513:28)
    at process.exit (node:internal/process/per_thread:190:15)
    at monitor (C:\Users\USER\AppData\Roaming\nvm\v18.12.1\node_modules\qckwinsvc\node_modules\node-windows\lib\wrapper.js:99:17)
    at ChildProcess.<anonymous> (C:\Users\USER\AppData\Roaming\nvm\v18.12.1\node_modules\qckwinsvc\node_modules\node-windows\lib\wrapper.js:170:5)
    at ChildProcess.emit (node:events:513:28)
    at ChildProcess._handle.onexit (node:internal/child_process:291:12)

Node.js v18.12.1
C:\Users\USER\source\repos\Requiro\ProyectoAngular\ProyectoAngular\src\index.html:1
<!doctype html>
^

SyntaxError: Unexpected token '<'
    at Object.compileFunction (node:vm:360:18)
    at wrapSafe (node:internal/modules/cjs/loader:1088:15)
    at Module._compile (node:internal/modules/cjs/loader:1123:27)
    at Module._extensions..js (node:internal/modules/cjs/loader:1213:10)
    at Module.load (node:internal/modules/cjs/loader:1037:32)
    at Module._load (node:internal/modules/cjs/loader:878:12)
    at Function.executeUserEntryPoint [as runMain] (node:internal/modules/run_main:81:12)
    at node:internal/main/run_main_module:23:47

Node.js v18.12.1
C:\Users\USER\source\repos\Requiro\ProyectoAngular\ProyectoAngular\src\index.html:1
<!doctype html>
^

SyntaxError: Unexpected token '<'
    at Object.compileFunction (node:vm:360:18)
    at wrapSafe (node:internal/modules/cjs/loader:1088:15)
    at Module._compile (node:internal/modules/cjs/loader:1123:27)
    at Module._extensions..js (node:internal/modules/cjs/loader:1213:10)
    at Module.load (node:internal/modules/cjs/loader:1037:32)
    at Module._load (node:internal/modules/cjs/loader:878:12)
    at Function.executeUserEntryPoint [as runMain] (node:internal/modules/run_main:81:12)
    at node:internal/main/run_main_module:23:47

Node.js v18.12.1
C:\Users\USER\source\repos\Requiro\ProyectoAngular\ProyectoAngular\src\index.html:1
<!doctype html>
^

SyntaxError: Unexpected token '<'
    at Object.compileFunction (node:vm:360:18)
    at wrapSafe (node:internal/modules/cjs/loader:1088:15)
    at Module._compile (node:internal/modules/cjs/loader:1123:27)
    at Module._extensions..js (node:internal/modules/cjs/loader:1213:10)
    at Module.load (node:internal/modules/cjs/loader:1037:32)
    at Module._load (node:internal/modules/cjs/loader:878:12)
    at Function.executeUserEntryPoint [as runMain] (node:internal/modules/run_main:81:12)
    at node:internal/main/run_main_module:23:47

Node.js v18.12.1
C:\Users\USER\AppData\Roaming\nvm\v18.12.1\node_modules\qckwinsvc\node_modules\node-windows\lib\wrapper.js:177
    child.send('shutdown');
          ^

TypeError: Cannot read properties of null (reading 'send')
    at process.killkid (C:\Users\USER\AppData\Roaming\nvm\v18.12.1\node_modules\qckwinsvc\node_modules\node-windows\lib\wrapper.js:177:11)
    at process.emit (node:events:513:28)
    at process.exit (node:internal/process/per_thread:190:15)
    at monitor (C:\Users\USER\AppData\Roaming\nvm\v18.12.1\node_modules\qckwinsvc\node_modules\node-windows\lib\wrapper.js:99:17)
    at ChildProcess.<anonymous> (C:\Users\USER\AppData\Roaming\nvm\v18.12.1\node_modules\qckwinsvc\node_modules\node-windows\lib\wrapper.js:170:5)
    at ChildProcess.emit (node:events:513:28)
    at ChildProcess._handle.onexit (node:internal/child_process:291:12)

Node.js v18.12.1
C:\Users\USER\source\repos\Requiro\ProyectoAngular\ProyectoAngular\src\index.html:1
<!doctype html>
^

SyntaxError: Unexpected token '<'
    at Object.compileFunction (node:vm:360:18)
    at wrapSafe (node:internal/modules/cjs/loader:1088:15)
    at Module._compile (node:internal/modules/cjs/loader:1123:27)
    at Module._extensions..js (node:internal/modules/cjs/loader:1213:10)
    at Module.load (node:internal/modules/cjs/loader:1037:32)
    at Module._load (node:internal/modules/cjs/loader:878:12)
    at Function.executeUserEntryPoint [as runMain] (node:internal/modules/run_main:81:12)
    at node:internal/main/run_main_module:23:47

Node.js v18.12.1
C:\Users\USER\source\repos\Requiro\ProyectoAngular\ProyectoAngular\src\index.html:1
<!doctype html>
^

SyntaxError: Unexpected token '<'
    at Object.compileFunction (node:vm:360:18)
    at wrapSafe (node:internal/modules/cjs/loader:1088:15)
    at Module._compile (node:internal/modules/cjs/loader:1123:27)
    at Module._extensions..js (node:internal/modules/cjs/loader:1213:10)
    at Module.load (node:internal/modules/cjs/loader:1037:32)
    at Module._load (node:internal/modules/cjs/loader:878:12)
    at Function.executeUserEntryPoint [as runMain] (node:internal/modules/run_main:81:12)
    at node:internal/main/run_main_module:23:47

Node.js v18.12.1
C:\Users\USER\source\repos\Requiro\ProyectoAngular\ProyectoAngular\src\index.html:1
<!doctype html>
^

SyntaxError: Unexpected token '<'
    at Object.compileFunction (node:vm:360:18)
    at wrapSafe (node:internal/modules/cjs/loader:1088:15)
    at Module._compile (node:internal/modules/cjs/loader:1123:27)
    at Module._extensions..js (node:internal/modules/cjs/loader:1213:10)
    at Module.load (node:internal/modules/cjs/loader:1037:32)
    at Module._load (node:internal/modules/cjs/loader:878:12)
    at Function.executeUserEntryPoint [as runMain] (node:internal/modules/run_main:81:12)
    at node:internal/main/run_main_module:23:47

Node.js v18.12.1
C:\Users\USER\AppData\Roaming\nvm\v18.12.1\node_modules\qckwinsvc\node_modules\node-windows\lib\wrapper.js:177
    child.send('shutdown');
          ^

TypeError: Cannot read properties of null (reading 'send')
    at process.killkid (C:\Users\USER\AppData\Roaming\nvm\v18.12.1\node_modules\qckwinsvc\node_modules\node-windows\lib\wrapper.js:177:11)
    at process.emit (node:events:513:28)
    at process.exit (node:internal/process/per_thread:190:15)
    at monitor (C:\Users\USER\AppData\Roaming\nvm\v18.12.1\node_modules\qckwinsvc\node_modules\node-windows\lib\wrapper.js:99:17)
    at ChildProcess.<anonymous> (C:\Users\USER\AppData\Roaming\nvm\v18.12.1\node_modules\qckwinsvc\node_modules\node-windows\lib\wrapper.js:170:5)
    at ChildProcess.emit (node:events:513:28)
    at ChildProcess._handle.onexit (node:internal/child_process:291:12)

Node.js v18.12.1
C:\Users\USER\source\repos\Requiro\ProyectoAngular\ProyectoAngular\src\index.html:1
<!doctype html>
^

SyntaxError: Unexpected token '<'
    at Object.compileFunction (node:vm:360:18)
    at wrapSafe (node:internal/modules/cjs/loader:1088:15)
    at Module._compile (node:internal/modules/cjs/loader:1123:27)
    at Module._extensions..js (node:internal/modules/cjs/loader:1213:10)
    at Module.load (node:internal/modules/cjs/loader:1037:32)
    at Module._load (node:internal/modules/cjs/loader:878:12)
    at Function.executeUserEntryPoint [as runMain] (node:internal/modules/run_main:81:12)
    at node:internal/main/run_main_module:23:47

Node.js v18.12.1
C:\Users\USER\source\repos\Requiro\ProyectoAngular\ProyectoAngular\src\index.html:1
<!doctype html>
^

SyntaxError: Unexpected token '<'
    at Object.compileFunction (node:vm:360:18)
    at wrapSafe (node:internal/modules/cjs/loader:1088:15)
    at Module._compile (node:internal/modules/cjs/loader:1123:27)
    at Module._extensions..js (node:internal/modules/cjs/loader:1213:10)
    at Module.load (node:internal/modules/cjs/loader:1037:32)
    at Module._load (node:internal/modules/cjs/loader:878:12)
    at Function.executeUserEntryPoint [as runMain] (node:internal/modules/run_main:81:12)
    at node:internal/main/run_main_module:23:47

Node.js v18.12.1
C:\Users\USER\source\repos\Requiro\ProyectoAngular\ProyectoAngular\src\index.html:1
<!doctype html>
^

SyntaxError: Unexpected token '<'
    at Object.compileFunction (node:vm:360:18)
    at wrapSafe (node:internal/modules/cjs/loader:1088:15)
    at Module._compile (node:internal/modules/cjs/loader:1123:27)
    at Module._extensions..js (node:internal/modules/cjs/loader:1213:10)
    at Module.load (node:internal/modules/cjs/loader:1037:32)
    at Module._load (node:internal/modules/cjs/loader:878:12)
    at Function.executeUserEntryPoint [as runMain] (node:internal/modules/run_main:81:12)
    at node:internal/main/run_main_module:23:47

Node.js v18.12.1
C:\Users\USER\AppData\Roaming\nvm\v18.12.1\node_modules\qckwinsvc\node_modules\node-windows\lib\wrapper.js:177
    child.send('shutdown');
          ^

TypeError: Cannot read properties of null (reading 'send')
    at process.killkid (C:\Users\USER\AppData\Roaming\nvm\v18.12.1\node_modules\qckwinsvc\node_modules\node-windows\lib\wrapper.js:177:11)
    at process.emit (node:events:513:28)
    at process.exit (node:internal/process/per_thread:190:15)
    at monitor (C:\Users\USER\AppData\Roaming\nvm\v18.12.1\node_modules\qckwinsvc\node_modules\node-windows\lib\wrapper.js:99:17)
    at ChildProcess.<anonymous> (C:\Users\USER\AppData\Roaming\nvm\v18.12.1\node_modules\qckwinsvc\node_modules\node-windows\lib\wrapper.js:170:5)
    at ChildProcess.emit (node:events:513:28)
    at ChildProcess._handle.onexit (node:internal/child_process:291:12)

Node.js v18.12.1
C:\Users\USER\source\repos\Requiro\ProyectoAngular\ProyectoAngular\src\index.html:1
<!doctype html>
^

SyntaxError: Unexpected token '<'
    at wrapSafe (internal/modules/cjs/loader.js:979:16)
    at Module._compile (internal/modules/cjs/loader.js:1027:27)
    at Object.Module._extensions..js (internal/modules/cjs/loader.js:1092:10)
    at Module.load (internal/modules/cjs/loader.js:928:32)
    at Function.Module._load (internal/modules/cjs/loader.js:769:14)
    at Function.executeUserEntryPoint [as runMain] (internal/modules/run_main.js:72:12)
    at internal/main/run_main_module.js:17:47
C:\Users\USER\source\repos\Requiro\ProyectoAngular\ProyectoAngular\src\index.html:1
<!doctype html>
^

SyntaxError: Unexpected token '<'
    at wrapSafe (internal/modules/cjs/loader.js:979:16)
    at Module._compile (internal/modules/cjs/loader.js:1027:27)
    at Object.Module._extensions..js (internal/modules/cjs/loader.js:1092:10)
    at Module.load (internal/modules/cjs/loader.js:928:32)
    at Function.Module._load (internal/modules/cjs/loader.js:769:14)
    at Function.executeUserEntryPoint [as runMain] (internal/modules/run_main.js:72:12)
    at internal/main/run_main_module.js:17:47
C:\Users\USER\source\repos\Requiro\ProyectoAngular\ProyectoAngular\src\index.html:1
<!doctype html>
^

SyntaxError: Unexpected token '<'
    at wrapSafe (internal/modules/cjs/loader.js:979:16)
    at Module._compile (internal/modules/cjs/loader.js:1027:27)
    at Object.Module._extensions..js (internal/modules/cjs/loader.js:1092:10)
    at Module.load (internal/modules/cjs/loader.js:928:32)
    at Function.Module._load (internal/modules/cjs/loader.js:769:14)
    at Function.executeUserEntryPoint [as runMain] (internal/modules/run_main.js:72:12)
    at internal/main/run_main_module.js:17:47
C:\Users\USER\AppData\Roaming\nvm\v18.12.1\node_modules\qckwinsvc\node_modules\node-windows\lib\wrapper.js:177
    child.send('shutdown');
          ^

TypeError: Cannot read property 'send' of null
    at process.killkid (C:\Users\USER\AppData\Roaming\nvm\v18.12.1\node_modules\qckwinsvc\node_modules\node-windows\lib\wrapper.js:177:11)
    at process.emit (events.js:315:20)
    at process.exit (internal/process/per_thread.js:169:15)
    at monitor (C:\Users\USER\AppData\Roaming\nvm\v18.12.1\node_modules\qckwinsvc\node_modules\node-windows\lib\wrapper.js:99:17)
    at ChildProcess.<anonymous> (C:\Users\USER\AppData\Roaming\nvm\v18.12.1\node_modules\qckwinsvc\node_modules\node-windows\lib\wrapper.js:170:5)
    at ChildProcess.emit (events.js:315:20)
    at Process.ChildProcess._handle.onexit (internal/child_process.js:277:12)
